<?xml version="1.0" encoding="UTF-8"?>
<!-- Generated by org.testng.reporters.JUnitReportReporter -->
<testsuite hostname="LAPTOP-R9JQ6VTF" failures="0" tests="1" name="com.kiranAcedmy.TC_001_Login_Test" time="132.679" errors="0" timestamp="2025-06-29T13:17:49 IST" skipped="0">
  <testcase classname="com.kiranAcedmy.TC_001_Login_Test" name="logintest" time="132.679"/>
</testsuite> <!-- com.kiranAcedmy.TC_001_Login_Test -->
