<?xml version="1.0" encoding="UTF-8"?>
<!-- Generated by org.testng.reporters.JUnitReportReporter -->
<testsuite hostname="LAPTOP-R9JQ6VTF" failures="0" tests="1" name="com.swag.LogoutTest" time="1.819" errors="0" timestamp="2025-06-19T23:21:19 IST" skipped="0">
  <testcase classname="com.swag.LogoutTest" name="check" time="1.819"/>
</testsuite> <!-- com.swag.LogoutTest -->
