<?xml version="1.0" encoding="UTF-8"?>
<!-- Generated by org.testng.reporters.JUnitReportReporter -->
<testsuite hostname="LAPTOP-R9JQ6VTF" failures="0" tests="1" name="com.swag.TC_001_Login_Test" time="3.551" errors="0" timestamp="2025-06-19T23:23:32 IST" skipped="0">
  <testcase classname="com.swag.TC_001_Login_Test" name="testLogin" time="3.551"/>
</testsuite> <!-- com.swag.TC_001_Login_Test -->
